===============================================================================
ATTACK FP-3: Legitimate Cron Job (logrotate)
===============================================================================
Target: ec2-54-204-182-4.compute-1.amazonaws.com
Category: FalsePositive
Note: benign scheduled maintenance activity

[*] Cron simulation started at: 2026-01-10T15:00:07+03:00
[*] Executing on admin host via SSH -> target
[*] Running logrotate manually to mimic scheduled cron...

===============================================================================
[✓] Cron simulation completed
===============================================================================
End Time: 2026-01-10T15:00:10+03:00
Duration: 2.572457697 seconds

Expected Wazuh alerts: logrotate execution; potential FIM touches on rotated logs
Mitigation guidance: whitelist scheduled logrotate cron

Data for CSV:
  attack_id: FP-3
  attack_name: Legitimate Cron Job (logrotate)
  category: FalsePositive
  attack_start_time: 2026-01-10T15:00:07+03:00
  attack_end_time: 2026-01-10T15:00:10+03:00