===============================================================================
ATTACK FP-4: Legitimate System Update
===============================================================================
Target: ec2-54-204-182-4.compute-1.amazonaws.com
Category: FalsePositive
Executor: local (this machine)
Command: sudo apt update && sudo DEBIAN_FRONTEND=noninteractive apt upgrade -y
Note: This is expected maintenance, not malicious

[*] System update started at: 2026-01-10T15:33:03+03:00
[*] Executing on admin host via SSH
[*] Running package update/upgrade...

WARNING: apt does not have a stable CLI interface. Use with caution in scripts.

Hit:1 http://us-east-1.ec2.archive.ubuntu.com/ubuntu jammy InRelease
Get:2 http://us-east-1.ec2.archive.ubuntu.com/ubuntu jammy-updates InRelease [128 kB]
Get:3 http://us-east-1.ec2.archive.ubuntu.com/ubuntu jammy-backports InRelease [127 kB]
Get:4 http://security.ubuntu.com/ubuntu jammy-security InRelease [129 kB]
Get:5 http://us-east-1.ec2.archive.ubuntu.com/ubuntu jammy-updates/main amd64 Packages [3164 kB]
Get:6 http://us-east-1.ec2.archive.ubuntu.com/ubuntu jammy-updates/main Translation-en [485 kB]
Get:7 http://us-east-1.ec2.archive.ubuntu.com/ubuntu jammy-updates/main amd64 c-n-f Metadata [19.1 kB]
Get:8 http://us-east-1.ec2.archive.ubuntu.com/ubuntu jammy-updates/universe amd64 Packages [1246 kB]
Get:9 http://us-east-1.ec2.archive.ubuntu.com/ubuntu jammy-updates/universe Translation-en [310 kB]
Get:10 http://us-east-1.ec2.archive.ubuntu.com/ubuntu jammy-updates/universe amd64 c-n-f Metadata [30.1 kB]
Hit:11 https://ppa.launchpadcontent.net/oisf/suricata-stable/ubuntu jammy InRelease
Get:12 http://security.ubuntu.com/ubuntu jammy-security/main amd64 Packages [2903 kB]
Get:13 http://security.ubuntu.com/ubuntu jammy-security/main Translation-en [418 kB]
Get:14 http://security.ubuntu.com/ubuntu jammy-security/main amd64 c-n-f Metadata [14.1 kB]
Get:15 http://security.ubuntu.com/ubuntu jammy-security/universe amd64 Packages [1008 kB]
Get:16 http://security.ubuntu.com/ubuntu jammy-security/universe Translation-en [221 kB]
Get:17 http://security.ubuntu.com/ubuntu jammy-security/universe amd64 c-n-f Metadata [22.4 kB]
Fetched 10.2 MB in 2s (4895 kB/s)
Reading package lists...
Building dependency tree...
Reading state information...
26 packages can be upgraded. Run 'apt list --upgradable' to see them.

WARNING: apt does not have a stable CLI interface. Use with caution in scripts.

Reading package lists...
Building dependency tree...
Reading state information...
Calculating upgrade...
Get more security updates through Ubuntu Pro with 'esm-apps' enabled:
  libsvn1 libbson-1.0-0 libmongoc-1.0-0
Learn more about Ubuntu Pro on AWS at https://ubuntu.com/aws/pro
The following packages will be upgraded:
  apparmor dirmngr distro-info-data gnupg gnupg-l10n gnupg-utils gpg gpg-agent
  gpg-wks-client gpg-wks-server gpgconf gpgsm gpgv landscape-common
  libapparmor1 libglib2.0-0 libglib2.0-bin libglib2.0-data libsodium23
  libxslt1.1 python3-attr snapd sosreport ubuntu-advantage-tools
  ubuntu-pro-client ubuntu-pro-client-l10n
26 upgraded, 0 newly installed, 0 to remove and 0 not upgraded.
16 standard LTS security updates
Need to get 37.8 MB of archives.
After this operation, 1180 kB of additional disk space will be used.
Get:1 http://us-east-1.ec2.archive.ubuntu.com/ubuntu jammy-updates/main amd64 gpg-wks-client amd64 2.2.27-3ubuntu2.5 [62.7 kB]
Get:2 http://us-east-1.ec2.archive.ubuntu.com/ubuntu jammy-updates/main amd64 dirmngr amd64 2.2.27-3ubuntu2.5 [293 kB]
Get:3 http://us-east-1.ec2.archive.ubuntu.com/ubuntu jammy-updates/main amd64 gpg-wks-server amd64 2.2.27-3ubuntu2.5 [57.6 kB]
Get:4 http://us-east-1.ec2.archive.ubuntu.com/ubuntu jammy-updates/main amd64 gnupg-utils amd64 2.2.27-3ubuntu2.5 [309 kB]
Get:5 http://us-east-1.ec2.archive.ubuntu.com/ubuntu jammy-updates/main amd64 gpg-agent amd64 2.2.27-3ubuntu2.5 [209 kB]
Get:6 http://us-east-1.ec2.archive.ubuntu.com/ubuntu jammy-updates/main amd64 gpg amd64 2.2.27-3ubuntu2.5 [519 kB]
Get:7 http://us-east-1.ec2.archive.ubuntu.com/ubuntu jammy-updates/main amd64 gpgconf amd64 2.2.27-3ubuntu2.5 [94.3 kB]
Get:8 http://us-east-1.ec2.archive.ubuntu.com/ubuntu jammy-updates/main amd64 gnupg-l10n all 2.2.27-3ubuntu2.5 [54.5 kB]
Get:9 http://us-east-1.ec2.archive.ubuntu.com/ubuntu jammy-updates/main amd64 gnupg all 2.2.27-3ubuntu2.5 [315 kB]
Get:10 http://us-east-1.ec2.archive.ubuntu.com/ubuntu jammy-updates/main amd64 gpgsm amd64 2.2.27-3ubuntu2.5 [197 kB]
Get:11 http://us-east-1.ec2.archive.ubuntu.com/ubuntu jammy-updates/main amd64 gpgv amd64 2.2.27-3ubuntu2.5 [137 kB]
Get:12 http://us-east-1.ec2.archive.ubuntu.com/ubuntu jammy-updates/main amd64 distro-info-data all 0.52ubuntu0.11 [5444 B]
Get:13 http://us-east-1.ec2.archive.ubuntu.com/ubuntu jammy-updates/main amd64 libapparmor1 amd64 3.0.4-2ubuntu2.5 [39.6 kB]
Get:14 http://us-east-1.ec2.archive.ubuntu.com/ubuntu jammy-updates/main amd64 libglib2.0-data all 2.72.4-0ubuntu2.7 [5178 B]
Get:15 http://us-east-1.ec2.archive.ubuntu.com/ubuntu jammy-updates/main amd64 libglib2.0-bin amd64 2.72.4-0ubuntu2.7 [80.9 kB]
Get:16 http://us-east-1.ec2.archive.ubuntu.com/ubuntu jammy-updates/main amd64 libglib2.0-0 amd64 2.72.4-0ubuntu2.7 [1467 kB]
Get:17 http://us-east-1.ec2.archive.ubuntu.com/ubuntu jammy-updates/main amd64 ubuntu-pro-client-l10n amd64 37.1ubuntu0~22.04 [20.7 kB]
Get:18 http://us-east-1.ec2.archive.ubuntu.com/ubuntu jammy-updates/main amd64 ubuntu-pro-client amd64 37.1ubuntu0~22.04 [238 kB]
Get:19 http://us-east-1.ec2.archive.ubuntu.com/ubuntu jammy-updates/main amd64 ubuntu-advantage-tools all 37.1ubuntu0~22.04 [10.9 kB]
Get:20 http://us-east-1.ec2.archive.ubuntu.com/ubuntu jammy-updates/main amd64 apparmor amd64 3.0.4-2ubuntu2.5 [599 kB]
Get:21 http://us-east-1.ec2.archive.ubuntu.com/ubuntu jammy-updates/main amd64 landscape-common amd64 23.02-0ubuntu1~22.04.7 [88.9 kB]
Get:22 http://us-east-1.ec2.archive.ubuntu.com/ubuntu jammy-updates/main amd64 libsodium23 amd64 1.0.18-1ubuntu0.22.04.1 [164 kB]
Get:23 http://us-east-1.ec2.archive.ubuntu.com/ubuntu jammy-updates/main amd64 libxslt1.1 amd64 1.1.34-4ubuntu0.22.04.5 [165 kB]
Get:24 http://us-east-1.ec2.archive.ubuntu.com/ubuntu jammy-updates/main amd64 python3-attr all 21.2.0-1ubuntu1 [43.9 kB]
Get:25 http://us-east-1.ec2.archive.ubuntu.com/ubuntu jammy-updates/main amd64 snapd amd64 2.73+ubuntu22.04 [32.3 MB]
Get:26 http://us-east-1.ec2.archive.ubuntu.com/ubuntu jammy-updates/main amd64 sosreport amd64 4.9.2-0ubuntu0~22.04.1 [367 kB]
perl: warning: Setting locale failed.
perl: warning: Please check that your locale settings:
        LANGUAGE = (unset),
        LC_ALL = (unset),
        LC_TIME = "en_GB.UTF-8",
        LC_MONETARY = "en_GB.UTF-8",
        LC_ADDRESS = "en_GB.UTF-8",
        LC_TELEPHONE = "en_GB.UTF-8",
        LC_NAME = "en_GB.UTF-8",
        LC_MEASUREMENT = "en_GB.UTF-8",
        LC_IDENTIFICATION = "en_GB.UTF-8",
        LC_NUMERIC = "en_GB.UTF-8",
        LC_PAPER = "en_GB.UTF-8",
        LANG = "C.UTF-8"
    are supported and installed on your system.
perl: warning: Falling back to a fallback locale ("C.UTF-8").
locale: Cannot set LC_ALL to default locale: No such file or directory
Preconfiguring packages ...
Fetched 37.8 MB in 0s (87.4 MB/s)
(Reading database ... 99612 files and directories currently installed.)
Preparing to unpack .../00-gpg-wks-client_2.2.27-3ubuntu2.5_amd64.deb ...
Unpacking gpg-wks-client (2.2.27-3ubuntu2.5) over (2.2.27-3ubuntu2.4) ...
Preparing to unpack .../01-dirmngr_2.2.27-3ubuntu2.5_amd64.deb ...
Unpacking dirmngr (2.2.27-3ubuntu2.5) over (2.2.27-3ubuntu2.4) ...
Preparing to unpack .../02-gpg-wks-server_2.2.27-3ubuntu2.5_amd64.deb ...
Unpacking gpg-wks-server (2.2.27-3ubuntu2.5) over (2.2.27-3ubuntu2.4) ...
Preparing to unpack .../03-gnupg-utils_2.2.27-3ubuntu2.5_amd64.deb ...
Unpacking gnupg-utils (2.2.27-3ubuntu2.5) over (2.2.27-3ubuntu2.4) ...
Preparing to unpack .../04-gpg-agent_2.2.27-3ubuntu2.5_amd64.deb ...
Unpacking gpg-agent (2.2.27-3ubuntu2.5) over (2.2.27-3ubuntu2.4) ...
Preparing to unpack .../05-gpg_2.2.27-3ubuntu2.5_amd64.deb ...
Unpacking gpg (2.2.27-3ubuntu2.5) over (2.2.27-3ubuntu2.4) ...
Preparing to unpack .../06-gpgconf_2.2.27-3ubuntu2.5_amd64.deb ...
Unpacking gpgconf (2.2.27-3ubuntu2.5) over (2.2.27-3ubuntu2.4) ...
Preparing to unpack .../07-gnupg-l10n_2.2.27-3ubuntu2.5_all.deb ...
Unpacking gnupg-l10n (2.2.27-3ubuntu2.5) over (2.2.27-3ubuntu2.4) ...
Preparing to unpack .../08-gnupg_2.2.27-3ubuntu2.5_all.deb ...
Unpacking gnupg (2.2.27-3ubuntu2.5) over (2.2.27-3ubuntu2.4) ...
Preparing to unpack .../09-gpgsm_2.2.27-3ubuntu2.5_amd64.deb ...
Unpacking gpgsm (2.2.27-3ubuntu2.5) over (2.2.27-3ubuntu2.4) ...
Preparing to unpack .../10-gpgv_2.2.27-3ubuntu2.5_amd64.deb ...
Unpacking gpgv (2.2.27-3ubuntu2.5) over (2.2.27-3ubuntu2.4) ...
Setting up gpgv (2.2.27-3ubuntu2.5) ...
(Reading database ... 99612 files and directories currently installed.)
Preparing to unpack .../00-distro-info-data_0.52ubuntu0.11_all.deb ...
Unpacking distro-info-data (0.52ubuntu0.11) over (0.52ubuntu0.9) ...
Preparing to unpack .../01-libapparmor1_3.0.4-2ubuntu2.5_amd64.deb ...
Unpacking libapparmor1:amd64 (3.0.4-2ubuntu2.5) over (3.0.4-2ubuntu2.4) ...
Preparing to unpack .../02-libglib2.0-data_2.72.4-0ubuntu2.7_all.deb ...
Unpacking libglib2.0-data (2.72.4-0ubuntu2.7) over (2.72.4-0ubuntu2.6) ...
Preparing to unpack .../03-libglib2.0-bin_2.72.4-0ubuntu2.7_amd64.deb ...
Unpacking libglib2.0-bin (2.72.4-0ubuntu2.7) over (2.72.4-0ubuntu2.6) ...
Preparing to unpack .../04-libglib2.0-0_2.72.4-0ubuntu2.7_amd64.deb ...
Unpacking libglib2.0-0:amd64 (2.72.4-0ubuntu2.7) over (2.72.4-0ubuntu2.6) ...
Preparing to unpack .../05-ubuntu-pro-client-l10n_37.1ubuntu0~22.04_amd64.deb ...
Unpacking ubuntu-pro-client-l10n (37.1ubuntu0~22.04) over (36ubuntu0~22.04) ...
Preparing to unpack .../06-ubuntu-pro-client_37.1ubuntu0~22.04_amd64.deb ...
Unpacking ubuntu-pro-client (37.1ubuntu0~22.04) over (36ubuntu0~22.04) ...
Preparing to unpack .../07-ubuntu-advantage-tools_37.1ubuntu0~22.04_all.deb ...
Unpacking ubuntu-advantage-tools (37.1ubuntu0~22.04) over (36ubuntu0~22.04) ...
Preparing to unpack .../08-apparmor_3.0.4-2ubuntu2.5_amd64.deb ...
Unpacking apparmor (3.0.4-2ubuntu2.5) over (3.0.4-2ubuntu2.4) ...
Preparing to unpack .../09-landscape-common_23.02-0ubuntu1~22.04.7_amd64.deb ...
Unpacking landscape-common (23.02-0ubuntu1~22.04.7) over (23.02-0ubuntu1~22.04.6) ...
Preparing to unpack .../10-libsodium23_1.0.18-1ubuntu0.22.04.1_amd64.deb ...
Unpacking libsodium23:amd64 (1.0.18-1ubuntu0.22.04.1) over (1.0.18-1build2) ...
Preparing to unpack .../11-libxslt1.1_1.1.34-4ubuntu0.22.04.5_amd64.deb ...
Unpacking libxslt1.1:amd64 (1.1.34-4ubuntu0.22.04.5) over (1.1.34-4ubuntu0.22.04.4) ...
Preparing to unpack .../12-python3-attr_21.2.0-1ubuntu1_all.deb ...
Unpacking python3-attr (21.2.0-1ubuntu1) over (21.2.0-1) ...
Preparing to unpack .../13-snapd_2.73+ubuntu22.04_amd64.deb ...
Unpacking snapd (2.73+ubuntu22.04) over (2.71+ubuntu22.04) ...
Preparing to unpack .../14-sosreport_4.9.2-0ubuntu0~22.04.1_amd64.deb ...
Unpacking sosreport (4.9.2-0ubuntu0~22.04.1) over (4.8.2-0ubuntu0~22.04.2) ...
Setting up python3-attr (21.2.0-1ubuntu1) ...
Setting up libapparmor1:amd64 (3.0.4-2ubuntu2.5) ...
Setting up libsodium23:amd64 (1.0.18-1ubuntu0.22.04.1) ...
Setting up libglib2.0-0:amd64 (2.72.4-0ubuntu2.7) ...
No schema files found: doing nothing.
Setting up distro-info-data (0.52ubuntu0.11) ...
Setting up landscape-common (23.02-0ubuntu1~22.04.7) ...
locale: Cannot set LC_ALL to default locale: No such file or directory
Setting up apparmor (3.0.4-2ubuntu2.5) ...
Installing new version of config file /etc/apparmor.d/abstractions/dri-enumerate ...
Installing new version of config file /etc/apparmor.d/abstractions/opencl-intel ...
Installing new version of config file /etc/apparmor.d/abstractions/opencl-nvidia ...
Installing new version of config file /etc/apparmor.d/abstractions/opencl-pocl ...
Installing new version of config file /etc/apparmor.d/abstractions/vulkan ...
Installing new version of config file /etc/apparmor.d/nvidia_modprobe ...
Installing new version of config file /etc/apparmor.d/tunables/global ...
locale: Cannot set LC_ALL to default locale: No such file or directory
Reloading AppArmor profiles 
Skipping profile in /etc/apparmor.d/disable: usr.sbin.rsyslogd
Setting up libglib2.0-data (2.72.4-0ubuntu2.7) ...
Setting up gnupg-l10n (2.2.27-3ubuntu2.5) ...
Setting up sosreport (4.9.2-0ubuntu0~22.04.1) ...
Installing new version of config file /etc/sos/sos.conf ...
Setting up libxslt1.1:amd64 (1.1.34-4ubuntu0.22.04.5) ...
Setting up gpgconf (2.2.27-3ubuntu2.5) ...
Setting up ubuntu-pro-client (37.1ubuntu0~22.04) ...
Installing new version of config file /etc/apparmor.d/ubuntu_pro_apt_news ...
Installing new version of config file /etc/apparmor.d/ubuntu_pro_esm_cache ...
locale: Cannot set LC_ALL to default locale: No such file or directory
Setting up gpg (2.2.27-3ubuntu2.5) ...
Setting up gnupg-utils (2.2.27-3ubuntu2.5) ...
Setting up ubuntu-pro-client-l10n (37.1ubuntu0~22.04) ...
Setting up snapd (2.73+ubuntu22.04) ...
Installing new version of config file /etc/apparmor.d/usr.lib.snapd.snap-confine.real ...
Installing new version of config file /etc/profile.d/apps-bin-path.sh ...
snapd.failure.service is a disabled or a static unit not running, not starting it.
snapd.gpio-chardev-setup.target is a disabled or a static unit not running, not starting it.
snapd.snap-repair.service is a disabled or a static unit not running, not starting it.
Setting up gpg-agent (2.2.27-3ubuntu2.5) ...
Setting up gpgsm (2.2.27-3ubuntu2.5) ...
Setting up libglib2.0-bin (2.72.4-0ubuntu2.7) ...
Setting up dirmngr (2.2.27-3ubuntu2.5) ...
Setting up gpg-wks-server (2.2.27-3ubuntu2.5) ...
Setting up ubuntu-advantage-tools (37.1ubuntu0~22.04) ...
locale: Cannot set LC_ALL to default locale: No such file or directory
Setting up gpg-wks-client (2.2.27-3ubuntu2.5) ...
Setting up gnupg (2.2.27-3ubuntu2.5) ...
Processing triggers for mailcap (3.70+nmu1ubuntu1) ...
Processing triggers for libc-bin (2.35-0ubuntu3.11) ...
Processing triggers for man-db (2.10.2-1) ...
Processing triggers for dbus (1.12.20-2ubuntu4.1) ...
Processing triggers for install-info (6.8-4build1) ...
perl: warning: Setting locale failed.
perl: warning: Please check that your locale settings:
        LANGUAGE = (unset),
        LC_ALL = (unset),
        LC_TIME = "en_GB.UTF-8",
        LC_MONETARY = "en_GB.UTF-8",
        LC_ADDRESS = "en_GB.UTF-8",
        LC_TELEPHONE = "en_GB.UTF-8",
        LC_NAME = "en_GB.UTF-8",
        LC_MEASUREMENT = "en_GB.UTF-8",
        LC_IDENTIFICATION = "en_GB.UTF-8",
        LC_NUMERIC = "en_GB.UTF-8",
        LC_PAPER = "en_GB.UTF-8",
        LANG = "C.UTF-8"
    are supported and installed on your system.
perl: warning: Falling back to a fallback locale ("C.UTF-8").

Running kernel seems to be up-to-date.

Services to be restarted:
 systemctl restart apache2.service
 systemctl restart irqbalance.service
 systemctl restart packagekit.service
 systemctl restart polkit.service
 /etc/needrestart/restart.d/systemd-manager

Service restarts being deferred:
 /etc/needrestart/restart.d/dbus.service
 systemctl restart networkd-dispatcher.service
 systemctl restart unattended-upgrades.service
 systemctl restart user@1000.service

No containers need to be restarted.

No user sessions are running outdated binaries.

No VM guests are running outdated hypervisor (qemu) binaries on this host.

===============================================================================
[✓] System update completed
===============================================================================
End Time: 2026-01-10T15:33:49+03:00
Duration: 46.043281996 seconds

Expected Wazuh alerts: FIM changes, package manager activity (benign)
Mitigation guidance: correlate with maintenance window/release notes

Data for CSV:
  attack_id: FP-4
  attack_name: Legitimate System Update
  category: FalsePositive
  attack_start_time: 2026-01-10T15:33:03+03:00
  attack_end_time: 2026-01-10T15:33:49+03:00